-------------------------------------------------------------------------------
Test set: com.chahoula.repository.ProduitsRepositoryTest
-------------------------------------------------------------------------------
Tests run: 1, Failures: 0, Errors: 1, Skipped: 0, Time elapsed: 0.631 s <<< FAILURE! - in com.chahoula.repository.ProduitsRepositoryTest
testFindById(com.chahoula.repository.ProduitsRepositoryTest)  Time elapsed: 0.005 s  <<< ERROR!
org.springframework.beans.factory.UnsatisfiedDependencyException: Error creating bean with name 'com.chahoula.repository.ProduitsRepositoryTest': Unsatisfied dependency expressed through field 'produitsRepository'; nested exception is org.springframework.beans.factory.NoSuchBeanDefinitionException: No qualifying bean of type 'com.chahoula.repository.ProduitsRepository' available: expected at least 1 bean which qualifies as autowire candidate. Dependency annotations: {@org.springframework.beans.factory.annotation.Autowired(required=true)}
Caused by: org.springframework.beans.factory.NoSuchBeanDefinitionException: No qualifying bean of type 'com.chahoula.repository.ProduitsRepository' available: expected at least 1 bean which qualifies as autowire candidate. Dependency annotations: {@org.springframework.beans.factory.annotation.Autowired(required=true)}

